2021-01-05 22:40:02,654 [Worker-3: Loading available Gradle versions] INFO  o.e.b.c.i.u.g.PublishedGradleVersions - Gradle version information cache is up-to-date. Trying to read.
2021-01-05 22:41:57,149 [Worker-4: Creating maven-archetype-quickstart] INFO  o.e.m.c.i.p.ProjectConfigurationManager - Collecting project info '/pom.xml' C:\Users\atmakuri.saikishor\eclipse-workspace\Kishore\MavenTest\pom.xml
2021-01-05 22:41:58,486 [Worker-4: Creating maven-archetype-quickstart] INFO  o.e.m.c.i.l.LifecycleMappingFactory - Using org.eclipse.m2e.jdt.JarLifecycleMapping lifecycle mapping for MavenProject: TestAutomation:MavenTest:0.0.1-SNAPSHOT @ C:\Users\atmakuri.saikishor\eclipse-workspace\Kishore\MavenTest\pom.xml.
2021-01-05 22:42:00,460 [Worker-4: Creating maven-archetype-quickstart] INFO  o.e.m.j.i.AbstractJavaProjectConfigurator - Adding source folder /MavenTest/src/main/java
2021-01-05 22:42:00,469 [Worker-4: Creating maven-archetype-quickstart] INFO  o.e.m.j.i.AbstractJavaProjectConfigurator - Adding source folder /MavenTest/src/test/java
2021-01-05 22:42:02,186 [Worker-4: Creating maven-archetype-quickstart] INFO  o.e.m.c.i.p.ProjectConfigurationManager - Imported and configured 1 project(s) in 5 sec
2021-01-05 22:42:03,720 [Worker-2: Building] INFO  o.e.m.c.i.embedder.EclipseLogger - Using 'UTF-8' encoding to copy filtered resources.
2021-01-05 22:42:03,720 [Worker-2: Building] INFO  o.e.m.c.i.embedder.EclipseLogger - skip non existing resourceDirectory C:\Users\atmakuri.saikishor\eclipse-workspace\Kishore\MavenTest\src\main\resources
2021-01-05 22:42:03,723 [Worker-2: Building] INFO  o.e.m.c.i.embedder.EclipseLogger - Using 'UTF-8' encoding to copy filtered resources.
2021-01-05 22:42:03,724 [Worker-2: Building] INFO  o.e.m.c.i.embedder.EclipseLogger - skip non existing resourceDirectory C:\Users\atmakuri.saikishor\eclipse-workspace\Kishore\MavenTest\src\test\resources
2021-01-05 22:43:53,400 [Worker-0: Building] INFO  o.e.m.c.i.l.LifecycleMappingFactory - Using org.eclipse.m2e.jdt.JarLifecycleMapping lifecycle mapping for MavenProject: TestAutomation:MavenTest:0.0.1-SNAPSHOT @ C:\Users\atmakuri.saikishor\eclipse-workspace\Kishore\MavenTest\pom.xml.
2021-01-05 22:43:54,159 [Worker-0: Building] INFO  o.e.m.c.i.embedder.EclipseLogger - Using 'UTF-8' encoding to copy filtered resources.
2021-01-05 22:43:54,159 [Worker-0: Building] INFO  o.e.m.c.i.embedder.EclipseLogger - skip non existing resourceDirectory C:\Users\atmakuri.saikishor\eclipse-workspace\Kishore\MavenTest\src\main\resources
2021-01-05 22:43:54,162 [Worker-0: Building] INFO  o.e.m.c.i.embedder.EclipseLogger - Using 'UTF-8' encoding to copy filtered resources.
2021-01-05 22:43:54,163 [Worker-0: Building] INFO  o.e.m.c.i.embedder.EclipseLogger - skip non existing resourceDirectory C:\Users\atmakuri.saikishor\eclipse-workspace\Kishore\MavenTest\src\test\resources
2021-01-05 22:43:56,489 [Worker-8: Building] INFO  o.e.m.c.i.embedder.EclipseLogger - Using 'UTF-8' encoding to copy filtered resources.
2021-01-05 22:43:56,489 [Worker-8: Building] INFO  o.e.m.c.i.embedder.EclipseLogger - skip non existing resourceDirectory C:\Users\atmakuri.saikishor\eclipse-workspace\Kishore\MavenTest\src\main\resources
2021-01-05 22:43:56,491 [Worker-8: Building] INFO  o.e.m.c.i.embedder.EclipseLogger - Using 'UTF-8' encoding to copy filtered resources.
2021-01-05 22:43:56,492 [Worker-8: Building] INFO  o.e.m.c.i.embedder.EclipseLogger - skip non existing resourceDirectory C:\Users\atmakuri.saikishor\eclipse-workspace\Kishore\MavenTest\src\test\resources
2021-01-05 22:46:16,336 [Worker-8: Building] INFO  o.e.m.c.i.l.LifecycleMappingFactory - Using org.eclipse.m2e.jdt.JarLifecycleMapping lifecycle mapping for MavenProject: TestAutomation:MavenTest:0.0.1-SNAPSHOT @ C:\Users\atmakuri.saikishor\eclipse-workspace\Kishore\MavenTest\pom.xml.
2021-01-05 22:46:35,754 [Worker-0: Building] INFO  o.e.m.c.i.l.LifecycleMappingFactory - Using org.eclipse.m2e.jdt.JarLifecycleMapping lifecycle mapping for MavenProject: TestAutomation:MavenTest:0.0.1-SNAPSHOT @ C:\Users\atmakuri.saikishor\eclipse-workspace\Kishore\MavenTest\pom.xml.
2021-01-05 22:46:36,140 [Worker-0: Building] INFO  o.e.m.c.i.embedder.EclipseLogger - Using 'UTF-8' encoding to copy filtered resources.
2021-01-05 22:46:36,140 [Worker-0: Building] INFO  o.e.m.c.i.embedder.EclipseLogger - skip non existing resourceDirectory C:\Users\atmakuri.saikishor\eclipse-workspace\Kishore\MavenTest\src\main\resources
2021-01-05 22:46:36,142 [Worker-0: Building] INFO  o.e.m.c.i.embedder.EclipseLogger - Using 'UTF-8' encoding to copy filtered resources.
2021-01-05 22:46:36,143 [Worker-0: Building] INFO  o.e.m.c.i.embedder.EclipseLogger - skip non existing resourceDirectory C:\Users\atmakuri.saikishor\eclipse-workspace\Kishore\MavenTest\src\test\resources
2021-01-05 22:46:38,102 [Worker-0: Building] INFO  o.e.m.c.i.embedder.EclipseLogger - Using 'UTF-8' encoding to copy filtered resources.
2021-01-05 22:46:38,102 [Worker-0: Building] INFO  o.e.m.c.i.embedder.EclipseLogger - skip non existing resourceDirectory C:\Users\atmakuri.saikishor\eclipse-workspace\Kishore\MavenTest\src\main\resources
2021-01-05 22:46:38,105 [Worker-0: Building] INFO  o.e.m.c.i.embedder.EclipseLogger - Using 'UTF-8' encoding to copy filtered resources.
2021-01-05 22:46:38,105 [Worker-0: Building] INFO  o.e.m.c.i.embedder.EclipseLogger - skip non existing resourceDirectory C:\Users\atmakuri.saikishor\eclipse-workspace\Kishore\MavenTest\src\test\resources
2021-01-05 22:47:29,288 [Worker-0: Building] INFO  o.e.m.c.i.l.LifecycleMappingFactory - Using org.eclipse.m2e.jdt.JarLifecycleMapping lifecycle mapping for MavenProject: TestAutomation:MavenTest:0.0.1-SNAPSHOT @ C:\Users\atmakuri.saikishor\eclipse-workspace\Kishore\MavenTest\pom.xml.
2021-01-05 22:47:29,480 [Worker-0: Building] INFO  o.e.m.c.i.embedder.EclipseLogger - Using 'UTF-8' encoding to copy filtered resources.
2021-01-05 22:47:29,481 [Worker-0: Building] INFO  o.e.m.c.i.embedder.EclipseLogger - skip non existing resourceDirectory C:\Users\atmakuri.saikishor\eclipse-workspace\Kishore\MavenTest\src\main\resources
2021-01-05 22:47:29,483 [Worker-0: Building] INFO  o.e.m.c.i.embedder.EclipseLogger - Using 'UTF-8' encoding to copy filtered resources.
2021-01-05 22:47:29,483 [Worker-0: Building] INFO  o.e.m.c.i.embedder.EclipseLogger - skip non existing resourceDirectory C:\Users\atmakuri.saikishor\eclipse-workspace\Kishore\MavenTest\src\test\resources
2021-01-05 22:47:31,245 [Worker-8: Building] INFO  o.e.m.c.i.embedder.EclipseLogger - Using 'UTF-8' encoding to copy filtered resources.
2021-01-05 22:47:31,246 [Worker-8: Building] INFO  o.e.m.c.i.embedder.EclipseLogger - skip non existing resourceDirectory C:\Users\atmakuri.saikishor\eclipse-workspace\Kishore\MavenTest\src\main\resources
2021-01-05 22:47:31,248 [Worker-8: Building] INFO  o.e.m.c.i.embedder.EclipseLogger - Using 'UTF-8' encoding to copy filtered resources.
2021-01-05 22:47:31,250 [Worker-8: Building] INFO  o.e.m.c.i.embedder.EclipseLogger - skip non existing resourceDirectory C:\Users\atmakuri.saikishor\eclipse-workspace\Kishore\MavenTest\src\test\resources
2021-01-05 22:48:12,883 [Worker-14: Building] INFO  o.e.m.c.i.l.LifecycleMappingFactory - Using org.eclipse.m2e.jdt.JarLifecycleMapping lifecycle mapping for MavenProject: TestAutomation:MavenTest:0.0.1-SNAPSHOT @ C:\Users\atmakuri.saikishor\eclipse-workspace\Kishore\MavenTest\pom.xml.
2021-01-05 22:48:13,115 [Worker-14: Building] INFO  o.e.m.c.i.embedder.EclipseLogger - Using 'UTF-8' encoding to copy filtered resources.
2021-01-05 22:48:13,115 [Worker-14: Building] INFO  o.e.m.c.i.embedder.EclipseLogger - skip non existing resourceDirectory C:\Users\atmakuri.saikishor\eclipse-workspace\Kishore\MavenTest\src\main\resources
2021-01-05 22:48:13,118 [Worker-14: Building] INFO  o.e.m.c.i.embedder.EclipseLogger - Using 'UTF-8' encoding to copy filtered resources.
2021-01-05 22:48:13,118 [Worker-14: Building] INFO  o.e.m.c.i.embedder.EclipseLogger - skip non existing resourceDirectory C:\Users\atmakuri.saikishor\eclipse-workspace\Kishore\MavenTest\src\test\resources
2021-01-05 22:58:07,685 [Worker-19: Creating maven-archetype-quickstart] INFO  o.e.m.c.i.p.ProjectConfigurationManager - Collecting project info '/pom.xml' C:\Users\atmakuri.saikishor\eclipse-workspace\Kishore\MavenTest\pom.xml
2021-01-05 22:58:08,210 [Worker-19: Creating maven-archetype-quickstart] INFO  o.e.m.c.i.l.LifecycleMappingFactory - Using org.eclipse.m2e.jdt.JarLifecycleMapping lifecycle mapping for MavenProject: TestAutomation:MavenTest:0.0.1-SNAPSHOT @ C:\Users\atmakuri.saikishor\eclipse-workspace\Kishore\MavenTest\pom.xml.
2021-01-05 22:58:08,741 [Worker-19: Creating maven-archetype-quickstart] INFO  o.e.m.j.i.AbstractJavaProjectConfigurator - Adding source folder /MavenTest/src/main/java
2021-01-05 22:58:08,747 [Worker-19: Creating maven-archetype-quickstart] INFO  o.e.m.j.i.AbstractJavaProjectConfigurator - Adding source folder /MavenTest/src/test/java
2021-01-05 22:58:08,824 [Worker-19: Creating maven-archetype-quickstart] INFO  o.e.m.c.i.p.ProjectConfigurationManager - Imported and configured 1 project(s) in 1 sec
2021-01-05 22:58:09,681 [Worker-19: Building] INFO  o.e.m.c.i.embedder.EclipseLogger - Using 'UTF-8' encoding to copy filtered resources.
2021-01-05 22:58:09,682 [Worker-19: Building] INFO  o.e.m.c.i.embedder.EclipseLogger - skip non existing resourceDirectory C:\Users\atmakuri.saikishor\eclipse-workspace\Kishore\MavenTest\src\main\resources
2021-01-05 22:58:09,691 [Worker-19: Building] INFO  o.e.m.c.i.embedder.EclipseLogger - Using 'UTF-8' encoding to copy filtered resources.
2021-01-05 22:58:09,692 [Worker-19: Building] INFO  o.e.m.c.i.embedder.EclipseLogger - skip non existing resourceDirectory C:\Users\atmakuri.saikishor\eclipse-workspace\Kishore\MavenTest\src\test\resources
2021-01-05 23:00:16,015 [Worker-18: Building] INFO  o.e.m.c.i.l.LifecycleMappingFactory - Using org.eclipse.m2e.jdt.JarLifecycleMapping lifecycle mapping for MavenProject: TestAutomation:MavenTest:0.0.1-SNAPSHOT @ C:\Users\atmakuri.saikishor\eclipse-workspace\Kishore\MavenTest\pom.xml.
2021-01-05 23:00:16,534 [Worker-18: Building] INFO  o.e.m.c.i.embedder.EclipseLogger - Using 'UTF-8' encoding to copy filtered resources.
2021-01-05 23:00:16,535 [Worker-18: Building] INFO  o.e.m.c.i.embedder.EclipseLogger - skip non existing resourceDirectory C:\Users\atmakuri.saikishor\eclipse-workspace\Kishore\MavenTest\src\main\resources
2021-01-05 23:00:16,540 [Worker-18: Building] INFO  o.e.m.c.i.embedder.EclipseLogger - Using 'UTF-8' encoding to copy filtered resources.
2021-01-05 23:00:16,540 [Worker-18: Building] INFO  o.e.m.c.i.embedder.EclipseLogger - skip non existing resourceDirectory C:\Users\atmakuri.saikishor\eclipse-workspace\Kishore\MavenTest\src\test\resources
2021-01-05 23:00:19,003 [Worker-14: Building] INFO  o.e.m.c.i.embedder.EclipseLogger - Using 'UTF-8' encoding to copy filtered resources.
2021-01-05 23:00:19,003 [Worker-14: Building] INFO  o.e.m.c.i.embedder.EclipseLogger - skip non existing resourceDirectory C:\Users\atmakuri.saikishor\eclipse-workspace\Kishore\MavenTest\src\main\resources
2021-01-05 23:00:19,046 [Worker-14: Building] INFO  o.e.m.c.i.embedder.EclipseLogger - Using 'UTF-8' encoding to copy filtered resources.
2021-01-05 23:00:19,046 [Worker-14: Building] INFO  o.e.m.c.i.embedder.EclipseLogger - skip non existing resourceDirectory C:\Users\atmakuri.saikishor\eclipse-workspace\Kishore\MavenTest\src\test\resources
2021-01-05 23:00:36,064 [Worker-19: Building] INFO  o.e.m.c.i.embedder.EclipseLogger - Using 'UTF-8' encoding to copy filtered resources.
2021-01-05 23:00:36,064 [Worker-19: Building] INFO  o.e.m.c.i.embedder.EclipseLogger - skip non existing resourceDirectory C:\Users\atmakuri.saikishor\eclipse-workspace\Kishore\MavenTest\src\main\resources
2021-01-05 23:00:36,066 [Worker-19: Building] INFO  o.e.m.c.i.embedder.EclipseLogger - Using 'UTF-8' encoding to copy filtered resources.
2021-01-05 23:00:36,070 [Worker-19: Building] INFO  o.e.m.c.i.embedder.EclipseLogger - skip non existing resourceDirectory C:\Users\atmakuri.saikishor\eclipse-workspace\Kishore\MavenTest\src\test\resources
2021-01-05 23:00:41,858 [Worker-18: Building] INFO  o.e.m.c.i.embedder.EclipseLogger - Using 'UTF-8' encoding to copy filtered resources.
2021-01-05 23:00:41,858 [Worker-18: Building] INFO  o.e.m.c.i.embedder.EclipseLogger - skip non existing resourceDirectory C:\Users\atmakuri.saikishor\eclipse-workspace\Kishore\MavenTest\src\main\resources
2021-01-05 23:00:41,860 [Worker-18: Building] INFO  o.e.m.c.i.embedder.EclipseLogger - Using 'UTF-8' encoding to copy filtered resources.
2021-01-05 23:00:41,860 [Worker-18: Building] INFO  o.e.m.c.i.embedder.EclipseLogger - skip non existing resourceDirectory C:\Users\atmakuri.saikishor\eclipse-workspace\Kishore\MavenTest\src\test\resources
2021-01-05 23:18:01,485 [Worker-23: Launching Executing clean in C__Users_atmakuri.saikishor_eclipse-workspace_Kishore_MavenTest] INFO  o.e.m.i.launch.MavenLaunchDelegate - C:\Users\atmakuri.saikishor\eclipse-workspace\Kishore\MavenTest
2021-01-05 23:18:01,490 [Worker-23: Launching Executing clean in C__Users_atmakuri.saikishor_eclipse-workspace_Kishore_MavenTest] INFO  o.e.m.i.launch.MavenLaunchDelegate -  mvn -B clean
2021-01-05 23:18:05,856 [Worker-22: Building] INFO  o.e.m.c.i.embedder.EclipseLogger - Using 'UTF-8' encoding to copy filtered resources.
2021-01-05 23:18:05,857 [Worker-22: Building] INFO  o.e.m.c.i.embedder.EclipseLogger - skip non existing resourceDirectory C:\Users\atmakuri.saikishor\eclipse-workspace\Kishore\MavenTest\src\main\resources
2021-01-05 23:18:05,858 [Worker-22: Building] INFO  o.e.m.c.i.embedder.EclipseLogger - Using 'UTF-8' encoding to copy filtered resources.
2021-01-05 23:18:05,859 [Worker-22: Building] INFO  o.e.m.c.i.embedder.EclipseLogger - skip non existing resourceDirectory C:\Users\atmakuri.saikishor\eclipse-workspace\Kishore\MavenTest\src\test\resources
2021-01-05 23:26:18,334 [Worker-23: Building] INFO  o.e.m.c.i.embedder.EclipseLogger - Using 'UTF-8' encoding to copy filtered resources.
2021-01-05 23:26:18,334 [Worker-23: Building] INFO  o.e.m.c.i.embedder.EclipseLogger - skip non existing resourceDirectory C:\Users\atmakuri.saikishor\eclipse-workspace\Kishore\MavenTest\src\main\resources
2021-01-05 23:26:18,335 [Worker-23: Building] INFO  o.e.m.c.i.embedder.EclipseLogger - Using 'UTF-8' encoding to copy filtered resources.
2021-01-05 23:26:18,335 [Worker-23: Building] INFO  o.e.m.c.i.embedder.EclipseLogger - skip non existing resourceDirectory C:\Users\atmakuri.saikishor\eclipse-workspace\Kishore\MavenTest\src\test\resources
2021-01-05 23:26:53,769 [Worker-24: Building] INFO  o.e.m.c.i.embedder.EclipseLogger - Using 'UTF-8' encoding to copy filtered resources.
2021-01-05 23:26:53,769 [Worker-24: Building] INFO  o.e.m.c.i.embedder.EclipseLogger - skip non existing resourceDirectory C:\Users\atmakuri.saikishor\eclipse-workspace\Kishore\MavenTest\src\main\resources
2021-01-05 23:26:53,788 [Worker-24: Building] INFO  o.e.m.c.i.embedder.EclipseLogger - Using 'UTF-8' encoding to copy filtered resources.
2021-01-05 23:26:53,789 [Worker-24: Building] INFO  o.e.m.c.i.embedder.EclipseLogger - skip non existing resourceDirectory C:\Users\atmakuri.saikishor\eclipse-workspace\Kishore\MavenTest\src\test\resources
2021-01-05 23:27:38,174 [Worker-23: Building] INFO  o.e.m.c.i.embedder.EclipseLogger - Using 'UTF-8' encoding to copy filtered resources.
2021-01-05 23:27:38,174 [Worker-23: Building] INFO  o.e.m.c.i.embedder.EclipseLogger - skip non existing resourceDirectory C:\Users\atmakuri.saikishor\eclipse-workspace\Kishore\MavenTest\src\main\resources
2021-01-05 23:27:38,179 [Worker-23: Building] INFO  o.e.m.c.i.embedder.EclipseLogger - Using 'UTF-8' encoding to copy filtered resources.
2021-01-05 23:27:38,179 [Worker-23: Building] INFO  o.e.m.c.i.embedder.EclipseLogger - skip non existing resourceDirectory C:\Users\atmakuri.saikishor\eclipse-workspace\Kishore\MavenTest\src\test\resources
2021-01-05 23:28:16,868 [Worker-23: Building] INFO  o.e.m.c.i.embedder.EclipseLogger - Using 'UTF-8' encoding to copy filtered resources.
2021-01-05 23:28:16,868 [Worker-23: Building] INFO  o.e.m.c.i.embedder.EclipseLogger - skip non existing resourceDirectory C:\Users\atmakuri.saikishor\eclipse-workspace\Kishore\MavenTest\src\main\resources
2021-01-05 23:28:16,870 [Worker-23: Building] INFO  o.e.m.c.i.embedder.EclipseLogger - Using 'UTF-8' encoding to copy filtered resources.
2021-01-05 23:28:16,871 [Worker-23: Building] INFO  o.e.m.c.i.embedder.EclipseLogger - skip non existing resourceDirectory C:\Users\atmakuri.saikishor\eclipse-workspace\Kishore\MavenTest\src\test\resources
2021-01-05 23:28:37,387 [Worker-26: Building] INFO  o.e.m.c.i.embedder.EclipseLogger - Using 'UTF-8' encoding to copy filtered resources.
2021-01-05 23:28:37,387 [Worker-26: Building] INFO  o.e.m.c.i.embedder.EclipseLogger - skip non existing resourceDirectory C:\Users\atmakuri.saikishor\eclipse-workspace\Kishore\MavenTest\src\main\resources
2021-01-05 23:28:37,389 [Worker-26: Building] INFO  o.e.m.c.i.embedder.EclipseLogger - Using 'UTF-8' encoding to copy filtered resources.
2021-01-05 23:28:37,389 [Worker-26: Building] INFO  o.e.m.c.i.embedder.EclipseLogger - skip non existing resourceDirectory C:\Users\atmakuri.saikishor\eclipse-workspace\Kishore\MavenTest\src\test\resources
2021-01-05 23:28:54,721 [Worker-26: Building] INFO  o.e.m.c.i.embedder.EclipseLogger - Using 'UTF-8' encoding to copy filtered resources.
2021-01-05 23:28:54,722 [Worker-26: Building] INFO  o.e.m.c.i.embedder.EclipseLogger - skip non existing resourceDirectory C:\Users\atmakuri.saikishor\eclipse-workspace\Kishore\MavenTest\src\main\resources
2021-01-05 23:28:54,725 [Worker-26: Building] INFO  o.e.m.c.i.embedder.EclipseLogger - Using 'UTF-8' encoding to copy filtered resources.
2021-01-05 23:28:54,725 [Worker-26: Building] INFO  o.e.m.c.i.embedder.EclipseLogger - skip non existing resourceDirectory C:\Users\atmakuri.saikishor\eclipse-workspace\Kishore\MavenTest\src\test\resources
2021-01-05 23:31:46,723 [Worker-28: Building] INFO  o.e.m.c.i.embedder.EclipseLogger - Using 'UTF-8' encoding to copy filtered resources.
2021-01-05 23:31:46,724 [Worker-28: Building] INFO  o.e.m.c.i.embedder.EclipseLogger - skip non existing resourceDirectory C:\Users\atmakuri.saikishor\eclipse-workspace\Kishore\MavenTest\src\main\resources
2021-01-05 23:31:46,726 [Worker-28: Building] INFO  o.e.m.c.i.embedder.EclipseLogger - Using 'UTF-8' encoding to copy filtered resources.
2021-01-05 23:31:46,726 [Worker-28: Building] INFO  o.e.m.c.i.embedder.EclipseLogger - skip non existing resourceDirectory C:\Users\atmakuri.saikishor\eclipse-workspace\Kishore\MavenTest\src\test\resources
2021-01-05 23:32:12,557 [Worker-28: Building] INFO  o.e.m.c.i.embedder.EclipseLogger - Using 'UTF-8' encoding to copy filtered resources.
2021-01-05 23:32:12,557 [Worker-28: Building] INFO  o.e.m.c.i.embedder.EclipseLogger - skip non existing resourceDirectory C:\Users\atmakuri.saikishor\eclipse-workspace\Kishore\MavenTest\src\main\resources
2021-01-05 23:32:12,558 [Worker-28: Building] INFO  o.e.m.c.i.embedder.EclipseLogger - Using 'UTF-8' encoding to copy filtered resources.
2021-01-05 23:32:12,559 [Worker-28: Building] INFO  o.e.m.c.i.embedder.EclipseLogger - skip non existing resourceDirectory C:\Users\atmakuri.saikishor\eclipse-workspace\Kishore\MavenTest\src\test\resources
2021-01-05 23:33:58,938 [Worker-23: Building] INFO  o.e.m.c.i.embedder.EclipseLogger - Using 'UTF-8' encoding to copy filtered resources.
2021-01-05 23:33:58,938 [Worker-23: Building] INFO  o.e.m.c.i.embedder.EclipseLogger - skip non existing resourceDirectory C:\Users\atmakuri.saikishor\eclipse-workspace\Kishore\MavenTest\src\main\resources
2021-01-05 23:33:58,945 [Worker-23: Building] INFO  o.e.m.c.i.embedder.EclipseLogger - Using 'UTF-8' encoding to copy filtered resources.
2021-01-05 23:33:58,945 [Worker-23: Building] INFO  o.e.m.c.i.embedder.EclipseLogger - skip non existing resourceDirectory C:\Users\atmakuri.saikishor\eclipse-workspace\Kishore\MavenTest\src\test\resources
2021-01-05 23:33:59,992 [Worker-26: Building] INFO  o.e.m.c.i.embedder.EclipseLogger - Using 'UTF-8' encoding to copy filtered resources.
2021-01-05 23:33:59,992 [Worker-26: Building] INFO  o.e.m.c.i.embedder.EclipseLogger - skip non existing resourceDirectory C:\Users\atmakuri.saikishor\eclipse-workspace\Kishore\MavenTest\src\main\resources
2021-01-05 23:33:59,995 [Worker-26: Building] INFO  o.e.m.c.i.embedder.EclipseLogger - Using 'UTF-8' encoding to copy filtered resources.
2021-01-05 23:33:59,995 [Worker-26: Building] INFO  o.e.m.c.i.embedder.EclipseLogger - skip non existing resourceDirectory C:\Users\atmakuri.saikishor\eclipse-workspace\Kishore\MavenTest\src\test\resources
2021-01-05 23:34:47,975 [Worker-26: Building] INFO  o.e.m.c.i.embedder.EclipseLogger - Using 'UTF-8' encoding to copy filtered resources.
2021-01-05 23:34:47,975 [Worker-26: Building] INFO  o.e.m.c.i.embedder.EclipseLogger - skip non existing resourceDirectory C:\Users\atmakuri.saikishor\eclipse-workspace\Kishore\MavenTest\src\main\resources
2021-01-05 23:34:47,977 [Worker-26: Building] INFO  o.e.m.c.i.embedder.EclipseLogger - Using 'UTF-8' encoding to copy filtered resources.
2021-01-05 23:34:47,977 [Worker-26: Building] INFO  o.e.m.c.i.embedder.EclipseLogger - skip non existing resourceDirectory C:\Users\atmakuri.saikishor\eclipse-workspace\Kishore\MavenTest\src\test\resources
2021-01-05 23:35:44,532 [Worker-29: Building] INFO  o.e.m.c.i.embedder.EclipseLogger - Using 'UTF-8' encoding to copy filtered resources.
2021-01-05 23:35:44,533 [Worker-29: Building] INFO  o.e.m.c.i.embedder.EclipseLogger - skip non existing resourceDirectory C:\Users\atmakuri.saikishor\eclipse-workspace\Kishore\MavenTest\src\main\resources
2021-01-05 23:35:44,534 [Worker-29: Building] INFO  o.e.m.c.i.embedder.EclipseLogger - Using 'UTF-8' encoding to copy filtered resources.
2021-01-05 23:35:44,534 [Worker-29: Building] INFO  o.e.m.c.i.embedder.EclipseLogger - skip non existing resourceDirectory C:\Users\atmakuri.saikishor\eclipse-workspace\Kishore\MavenTest\src\test\resources
2021-01-05 23:41:53,154 [Worker-31: Building] INFO  o.e.m.c.i.embedder.EclipseLogger - Using 'UTF-8' encoding to copy filtered resources.
2021-01-05 23:41:53,154 [Worker-31: Building] INFO  o.e.m.c.i.embedder.EclipseLogger - skip non existing resourceDirectory C:\Users\atmakuri.saikishor\eclipse-workspace\Kishore\MavenTest\src\main\resources
2021-01-05 23:41:53,155 [Worker-31: Building] INFO  o.e.m.c.i.embedder.EclipseLogger - Using 'UTF-8' encoding to copy filtered resources.
2021-01-05 23:41:53,155 [Worker-31: Building] INFO  o.e.m.c.i.embedder.EclipseLogger - skip non existing resourceDirectory C:\Users\atmakuri.saikishor\eclipse-workspace\Kishore\MavenTest\src\test\resources
2021-01-05 23:42:00,158 [Worker-30: Building] INFO  o.e.m.c.i.embedder.EclipseLogger - Using 'UTF-8' encoding to copy filtered resources.
2021-01-05 23:42:00,159 [Worker-30: Building] INFO  o.e.m.c.i.embedder.EclipseLogger - skip non existing resourceDirectory C:\Users\atmakuri.saikishor\eclipse-workspace\Kishore\MavenTest\src\main\resources
2021-01-05 23:42:00,160 [Worker-30: Building] INFO  o.e.m.c.i.embedder.EclipseLogger - Using 'UTF-8' encoding to copy filtered resources.
2021-01-05 23:42:00,160 [Worker-30: Building] INFO  o.e.m.c.i.embedder.EclipseLogger - skip non existing resourceDirectory C:\Users\atmakuri.saikishor\eclipse-workspace\Kishore\MavenTest\src\test\resources
2021-01-05 23:50:04,084 [Worker-28: Building] INFO  o.e.m.c.i.embedder.EclipseLogger - Using 'UTF-8' encoding to copy filtered resources.
2021-01-05 23:50:04,084 [Worker-28: Building] INFO  o.e.m.c.i.embedder.EclipseLogger - skip non existing resourceDirectory C:\Users\atmakuri.saikishor\eclipse-workspace\Kishore\MavenTest\src\main\resources
2021-01-05 23:50:04,086 [Worker-28: Building] INFO  o.e.m.c.i.embedder.EclipseLogger - Using 'UTF-8' encoding to copy filtered resources.
2021-01-05 23:50:04,086 [Worker-28: Building] INFO  o.e.m.c.i.embedder.EclipseLogger - skip non existing resourceDirectory C:\Users\atmakuri.saikishor\eclipse-workspace\Kishore\MavenTest\src\test\resources
2021-01-06 00:12:45,006 [Worker-32: Building] INFO  o.e.m.c.i.embedder.EclipseLogger - Using 'UTF-8' encoding to copy filtered resources.
2021-01-06 00:12:45,006 [Worker-32: Building] INFO  o.e.m.c.i.embedder.EclipseLogger - skip non existing resourceDirectory C:\Users\atmakuri.saikishor\eclipse-workspace\Kishore\MavenTest\src\main\resources
2021-01-06 00:12:45,014 [Worker-32: Building] INFO  o.e.m.c.i.embedder.EclipseLogger - Using 'UTF-8' encoding to copy filtered resources.
2021-01-06 00:12:45,014 [Worker-32: Building] INFO  o.e.m.c.i.embedder.EclipseLogger - skip non existing resourceDirectory C:\Users\atmakuri.saikishor\eclipse-workspace\Kishore\MavenTest\src\test\resources
2021-01-06 00:14:51,914 [Worker-37: Building] INFO  o.e.m.c.i.embedder.EclipseLogger - Using 'UTF-8' encoding to copy filtered resources.
2021-01-06 00:14:51,914 [Worker-37: Building] INFO  o.e.m.c.i.embedder.EclipseLogger - skip non existing resourceDirectory C:\Users\atmakuri.saikishor\eclipse-workspace\Kishore\MavenTest\src\main\resources
2021-01-06 00:14:51,916 [Worker-37: Building] INFO  o.e.m.c.i.embedder.EclipseLogger - Using 'UTF-8' encoding to copy filtered resources.
2021-01-06 00:14:51,916 [Worker-37: Building] INFO  o.e.m.c.i.embedder.EclipseLogger - skip non existing resourceDirectory C:\Users\atmakuri.saikishor\eclipse-workspace\Kishore\MavenTest\src\test\resources
2021-01-06 00:16:02,124 [Worker-37: Building] INFO  o.e.m.c.i.embedder.EclipseLogger - Using 'UTF-8' encoding to copy filtered resources.
2021-01-06 00:16:02,124 [Worker-37: Building] INFO  o.e.m.c.i.embedder.EclipseLogger - skip non existing resourceDirectory C:\Users\atmakuri.saikishor\eclipse-workspace\Kishore\MavenTest\src\main\resources
2021-01-06 00:16:02,127 [Worker-37: Building] INFO  o.e.m.c.i.embedder.EclipseLogger - Using 'UTF-8' encoding to copy filtered resources.
2021-01-06 00:16:02,128 [Worker-37: Building] INFO  o.e.m.c.i.embedder.EclipseLogger - skip non existing resourceDirectory C:\Users\atmakuri.saikishor\eclipse-workspace\Kishore\MavenTest\src\test\resources
2021-01-06 00:17:01,424 [Worker-36: Building] INFO  o.e.m.c.i.embedder.EclipseLogger - Using 'UTF-8' encoding to copy filtered resources.
2021-01-06 00:17:01,425 [Worker-36: Building] INFO  o.e.m.c.i.embedder.EclipseLogger - skip non existing resourceDirectory C:\Users\atmakuri.saikishor\eclipse-workspace\Kishore\MavenTest\src\main\resources
2021-01-06 00:17:01,427 [Worker-36: Building] INFO  o.e.m.c.i.embedder.EclipseLogger - Using 'UTF-8' encoding to copy filtered resources.
2021-01-06 00:17:01,427 [Worker-36: Building] INFO  o.e.m.c.i.embedder.EclipseLogger - skip non existing resourceDirectory C:\Users\atmakuri.saikishor\eclipse-workspace\Kishore\MavenTest\src\test\resources
2021-01-06 00:18:15,933 [Worker-34: Building] INFO  o.e.m.c.i.embedder.EclipseLogger - Using 'UTF-8' encoding to copy filtered resources.
2021-01-06 00:18:15,934 [Worker-34: Building] INFO  o.e.m.c.i.embedder.EclipseLogger - skip non existing resourceDirectory C:\Users\atmakuri.saikishor\eclipse-workspace\Kishore\MavenTest\src\main\resources
2021-01-06 00:18:15,935 [Worker-34: Building] INFO  o.e.m.c.i.embedder.EclipseLogger - Using 'UTF-8' encoding to copy filtered resources.
2021-01-06 00:18:15,935 [Worker-34: Building] INFO  o.e.m.c.i.embedder.EclipseLogger - skip non existing resourceDirectory C:\Users\atmakuri.saikishor\eclipse-workspace\Kishore\MavenTest\src\test\resources
2021-01-06 00:18:18,888 [Worker-37: Building] INFO  o.e.m.c.i.embedder.EclipseLogger - Using 'UTF-8' encoding to copy filtered resources.
2021-01-06 00:18:18,888 [Worker-37: Building] INFO  o.e.m.c.i.embedder.EclipseLogger - skip non existing resourceDirectory C:\Users\atmakuri.saikishor\eclipse-workspace\Kishore\MavenTest\src\main\resources
2021-01-06 00:18:18,889 [Worker-37: Building] INFO  o.e.m.c.i.embedder.EclipseLogger - Using 'UTF-8' encoding to copy filtered resources.
2021-01-06 00:18:18,889 [Worker-37: Building] INFO  o.e.m.c.i.embedder.EclipseLogger - skip non existing resourceDirectory C:\Users\atmakuri.saikishor\eclipse-workspace\Kishore\MavenTest\src\test\resources
2021-01-06 00:29:07,588 [Worker-40: Building] INFO  o.e.m.c.i.embedder.EclipseLogger - Using 'UTF-8' encoding to copy filtered resources.
2021-01-06 00:29:07,588 [Worker-40: Building] INFO  o.e.m.c.i.embedder.EclipseLogger - skip non existing resourceDirectory C:\Users\atmakuri.saikishor\eclipse-workspace\Kishore\MavenTest\src\main\resources
2021-01-06 00:29:07,590 [Worker-40: Building] INFO  o.e.m.c.i.embedder.EclipseLogger - Using 'UTF-8' encoding to copy filtered resources.
2021-01-06 00:29:07,590 [Worker-40: Building] INFO  o.e.m.c.i.embedder.EclipseLogger - skip non existing resourceDirectory C:\Users\atmakuri.saikishor\eclipse-workspace\Kishore\MavenTest\src\test\resources
2021-01-06 00:31:58,338 [Worker-42: Building] INFO  o.e.m.c.i.embedder.EclipseLogger - Using 'UTF-8' encoding to copy filtered resources.
2021-01-06 00:31:58,338 [Worker-42: Building] INFO  o.e.m.c.i.embedder.EclipseLogger - skip non existing resourceDirectory C:\Users\atmakuri.saikishor\eclipse-workspace\Kishore\MavenTest\src\main\resources
2021-01-06 00:31:58,340 [Worker-42: Building] INFO  o.e.m.c.i.embedder.EclipseLogger - Using 'UTF-8' encoding to copy filtered resources.
2021-01-06 00:31:58,340 [Worker-42: Building] INFO  o.e.m.c.i.embedder.EclipseLogger - skip non existing resourceDirectory C:\Users\atmakuri.saikishor\eclipse-workspace\Kishore\MavenTest\src\test\resources
2021-01-06 00:32:16,986 [Worker-41: Building] INFO  o.e.m.c.i.embedder.EclipseLogger - Using 'UTF-8' encoding to copy filtered resources.
2021-01-06 00:32:16,987 [Worker-41: Building] INFO  o.e.m.c.i.embedder.EclipseLogger - skip non existing resourceDirectory C:\Users\atmakuri.saikishor\eclipse-workspace\Kishore\MavenTest\src\main\resources
2021-01-06 00:32:16,988 [Worker-41: Building] INFO  o.e.m.c.i.embedder.EclipseLogger - Using 'UTF-8' encoding to copy filtered resources.
2021-01-06 00:32:16,988 [Worker-41: Building] INFO  o.e.m.c.i.embedder.EclipseLogger - skip non existing resourceDirectory C:\Users\atmakuri.saikishor\eclipse-workspace\Kishore\MavenTest\src\test\resources
2021-01-06 00:33:13,022 [Worker-42: Building] INFO  o.e.m.c.i.embedder.EclipseLogger - Using 'UTF-8' encoding to copy filtered resources.
2021-01-06 00:33:13,022 [Worker-42: Building] INFO  o.e.m.c.i.embedder.EclipseLogger - skip non existing resourceDirectory C:\Users\atmakuri.saikishor\eclipse-workspace\Kishore\MavenTest\src\main\resources
2021-01-06 00:33:13,023 [Worker-42: Building] INFO  o.e.m.c.i.embedder.EclipseLogger - Using 'UTF-8' encoding to copy filtered resources.
2021-01-06 00:33:13,023 [Worker-42: Building] INFO  o.e.m.c.i.embedder.EclipseLogger - skip non existing resourceDirectory C:\Users\atmakuri.saikishor\eclipse-workspace\Kishore\MavenTest\src\test\resources
2021-01-06 00:43:07,557 [Worker-46: Building] INFO  o.e.m.c.i.embedder.EclipseLogger - Using 'UTF-8' encoding to copy filtered resources.
2021-01-06 00:43:07,558 [Worker-46: Building] INFO  o.e.m.c.i.embedder.EclipseLogger - skip non existing resourceDirectory C:\Users\atmakuri.saikishor\eclipse-workspace\Kishore\MavenTest\src\main\resources
2021-01-06 00:43:07,559 [Worker-46: Building] INFO  o.e.m.c.i.embedder.EclipseLogger - Using 'UTF-8' encoding to copy filtered resources.
2021-01-06 00:43:07,559 [Worker-46: Building] INFO  o.e.m.c.i.embedder.EclipseLogger - skip non existing resourceDirectory C:\Users\atmakuri.saikishor\eclipse-workspace\Kishore\MavenTest\src\test\resources
2021-01-06 00:43:40,929 [Worker-44: Building] INFO  o.e.m.c.i.embedder.EclipseLogger - Using 'UTF-8' encoding to copy filtered resources.
2021-01-06 00:43:40,929 [Worker-44: Building] INFO  o.e.m.c.i.embedder.EclipseLogger - skip non existing resourceDirectory C:\Users\atmakuri.saikishor\eclipse-workspace\Kishore\MavenTest\src\main\resources
2021-01-06 00:43:40,933 [Worker-44: Building] INFO  o.e.m.c.i.embedder.EclipseLogger - Using 'UTF-8' encoding to copy filtered resources.
2021-01-06 00:43:40,933 [Worker-44: Building] INFO  o.e.m.c.i.embedder.EclipseLogger - skip non existing resourceDirectory C:\Users\atmakuri.saikishor\eclipse-workspace\Kishore\MavenTest\src\test\resources
2021-01-06 00:44:17,092 [Worker-47: Building] INFO  o.e.m.c.i.embedder.EclipseLogger - Using 'UTF-8' encoding to copy filtered resources.
2021-01-06 00:44:17,092 [Worker-47: Building] INFO  o.e.m.c.i.embedder.EclipseLogger - skip non existing resourceDirectory C:\Users\atmakuri.saikishor\eclipse-workspace\Kishore\MavenTest\src\main\resources
2021-01-06 00:44:17,093 [Worker-47: Building] INFO  o.e.m.c.i.embedder.EclipseLogger - Using 'UTF-8' encoding to copy filtered resources.
2021-01-06 00:44:17,093 [Worker-47: Building] INFO  o.e.m.c.i.embedder.EclipseLogger - skip non existing resourceDirectory C:\Users\atmakuri.saikishor\eclipse-workspace\Kishore\MavenTest\src\test\resources
2021-01-06 00:46:00,915 [Worker-44: Building] INFO  o.e.m.c.i.embedder.EclipseLogger - Using 'UTF-8' encoding to copy filtered resources.
2021-01-06 00:46:00,915 [Worker-44: Building] INFO  o.e.m.c.i.embedder.EclipseLogger - skip non existing resourceDirectory C:\Users\atmakuri.saikishor\eclipse-workspace\Kishore\MavenTest\src\main\resources
2021-01-06 00:46:00,917 [Worker-44: Building] INFO  o.e.m.c.i.embedder.EclipseLogger - Using 'UTF-8' encoding to copy filtered resources.
2021-01-06 00:46:00,917 [Worker-44: Building] INFO  o.e.m.c.i.embedder.EclipseLogger - skip non existing resourceDirectory C:\Users\atmakuri.saikishor\eclipse-workspace\Kishore\MavenTest\src\test\resources
2021-01-06 00:46:05,864 [Worker-46: Building] INFO  o.e.m.c.i.embedder.EclipseLogger - Using 'UTF-8' encoding to copy filtered resources.
2021-01-06 00:46:05,866 [Worker-46: Building] INFO  o.e.m.c.i.embedder.EclipseLogger - skip non existing resourceDirectory C:\Users\atmakuri.saikishor\eclipse-workspace\Kishore\MavenTest\src\main\resources
2021-01-06 00:46:05,867 [Worker-46: Building] INFO  o.e.m.c.i.embedder.EclipseLogger - Using 'UTF-8' encoding to copy filtered resources.
2021-01-06 00:46:05,867 [Worker-46: Building] INFO  o.e.m.c.i.embedder.EclipseLogger - skip non existing resourceDirectory C:\Users\atmakuri.saikishor\eclipse-workspace\Kishore\MavenTest\src\test\resources
2021-01-06 00:50:35,031 [Worker-48: Building] INFO  o.e.m.c.i.embedder.EclipseLogger - Using 'UTF-8' encoding to copy filtered resources.
2021-01-06 00:50:35,032 [Worker-48: Building] INFO  o.e.m.c.i.embedder.EclipseLogger - skip non existing resourceDirectory C:\Users\atmakuri.saikishor\eclipse-workspace\Kishore\MavenTest\src\main\resources
2021-01-06 00:50:35,033 [Worker-48: Building] INFO  o.e.m.c.i.embedder.EclipseLogger - Using 'UTF-8' encoding to copy filtered resources.
2021-01-06 00:50:35,033 [Worker-48: Building] INFO  o.e.m.c.i.embedder.EclipseLogger - skip non existing resourceDirectory C:\Users\atmakuri.saikishor\eclipse-workspace\Kishore\MavenTest\src\test\resources
2021-01-06 00:55:34,898 [Worker-49: Building] INFO  o.e.m.c.i.embedder.EclipseLogger - Using 'UTF-8' encoding to copy filtered resources.
2021-01-06 00:55:34,898 [Worker-49: Building] INFO  o.e.m.c.i.embedder.EclipseLogger - skip non existing resourceDirectory C:\Users\atmakuri.saikishor\eclipse-workspace\Kishore\MavenTest\src\main\resources
2021-01-06 00:55:34,903 [Worker-49: Building] INFO  o.e.m.c.i.embedder.EclipseLogger - Using 'UTF-8' encoding to copy filtered resources.
2021-01-06 00:55:34,903 [Worker-49: Building] INFO  o.e.m.c.i.embedder.EclipseLogger - skip non existing resourceDirectory C:\Users\atmakuri.saikishor\eclipse-workspace\Kishore\MavenTest\src\test\resources
2021-01-06 00:56:33,687 [Worker-50: Building] INFO  o.e.m.c.i.embedder.EclipseLogger - Using 'UTF-8' encoding to copy filtered resources.
2021-01-06 00:56:33,687 [Worker-50: Building] INFO  o.e.m.c.i.embedder.EclipseLogger - skip non existing resourceDirectory C:\Users\atmakuri.saikishor\eclipse-workspace\Kishore\MavenTest\src\main\resources
2021-01-06 00:56:33,688 [Worker-50: Building] INFO  o.e.m.c.i.embedder.EclipseLogger - Using 'UTF-8' encoding to copy filtered resources.
2021-01-06 00:56:33,688 [Worker-50: Building] INFO  o.e.m.c.i.embedder.EclipseLogger - skip non existing resourceDirectory C:\Users\atmakuri.saikishor\eclipse-workspace\Kishore\MavenTest\src\test\resources
2021-01-06 01:00:50,670 [Worker-48: Building] INFO  o.e.m.c.i.embedder.EclipseLogger - Using 'UTF-8' encoding to copy filtered resources.
2021-01-06 01:00:50,670 [Worker-48: Building] INFO  o.e.m.c.i.embedder.EclipseLogger - skip non existing resourceDirectory C:\Users\atmakuri.saikishor\eclipse-workspace\Kishore\MavenTest\src\main\resources
2021-01-06 01:00:50,672 [Worker-48: Building] INFO  o.e.m.c.i.embedder.EclipseLogger - Using 'UTF-8' encoding to copy filtered resources.
2021-01-06 01:00:50,672 [Worker-48: Building] INFO  o.e.m.c.i.embedder.EclipseLogger - skip non existing resourceDirectory C:\Users\atmakuri.saikishor\eclipse-workspace\Kishore\MavenTest\src\test\resources
2021-01-06 01:05:53,485 [Worker-48: Building] INFO  o.e.m.c.i.embedder.EclipseLogger - Using 'UTF-8' encoding to copy filtered resources.
2021-01-06 01:05:53,487 [Worker-48: Building] INFO  o.e.m.c.i.embedder.EclipseLogger - skip non existing resourceDirectory C:\Users\atmakuri.saikishor\eclipse-workspace\Kishore\MavenTest\src\main\resources
2021-01-06 01:05:53,491 [Worker-48: Building] INFO  o.e.m.c.i.embedder.EclipseLogger - Using 'UTF-8' encoding to copy filtered resources.
2021-01-06 01:05:53,491 [Worker-48: Building] INFO  o.e.m.c.i.embedder.EclipseLogger - skip non existing resourceDirectory C:\Users\atmakuri.saikishor\eclipse-workspace\Kishore\MavenTest\src\test\resources
2021-01-06 01:06:46,948 [Worker-48: Building] INFO  o.e.m.c.i.embedder.EclipseLogger - Using 'UTF-8' encoding to copy filtered resources.
2021-01-06 01:06:46,948 [Worker-48: Building] INFO  o.e.m.c.i.embedder.EclipseLogger - skip non existing resourceDirectory C:\Users\atmakuri.saikishor\eclipse-workspace\Kishore\MavenTest\src\main\resources
2021-01-06 01:06:46,949 [Worker-48: Building] INFO  o.e.m.c.i.embedder.EclipseLogger - Using 'UTF-8' encoding to copy filtered resources.
2021-01-06 01:06:46,949 [Worker-48: Building] INFO  o.e.m.c.i.embedder.EclipseLogger - skip non existing resourceDirectory C:\Users\atmakuri.saikishor\eclipse-workspace\Kishore\MavenTest\src\test\resources
2021-01-06 01:08:49,658 [Worker-48: Building] INFO  o.e.m.c.i.embedder.EclipseLogger - Using 'UTF-8' encoding to copy filtered resources.
2021-01-06 01:08:49,658 [Worker-48: Building] INFO  o.e.m.c.i.embedder.EclipseLogger - skip non existing resourceDirectory C:\Users\atmakuri.saikishor\eclipse-workspace\Kishore\MavenTest\src\main\resources
2021-01-06 01:08:49,659 [Worker-48: Building] INFO  o.e.m.c.i.embedder.EclipseLogger - Using 'UTF-8' encoding to copy filtered resources.
2021-01-06 01:08:49,659 [Worker-48: Building] INFO  o.e.m.c.i.embedder.EclipseLogger - skip non existing resourceDirectory C:\Users\atmakuri.saikishor\eclipse-workspace\Kishore\MavenTest\src\test\resources
2021-01-06 01:09:54,028 [Worker-56: Launching HomePageTest] INFO  o.e.m.c.i.embedder.EclipseLogger - Using 'UTF-8' encoding to copy filtered resources.
2021-01-06 01:09:54,028 [Worker-56: Launching HomePageTest] INFO  o.e.m.c.i.embedder.EclipseLogger - skip non existing resourceDirectory C:\Users\atmakuri.saikishor\eclipse-workspace\Kishore\MavenTest\src\main\resources
2021-01-06 01:09:54,029 [Worker-56: Launching HomePageTest] INFO  o.e.m.c.i.embedder.EclipseLogger - Using 'UTF-8' encoding to copy filtered resources.
2021-01-06 01:09:54,029 [Worker-56: Launching HomePageTest] INFO  o.e.m.c.i.embedder.EclipseLogger - skip non existing resourceDirectory C:\Users\atmakuri.saikishor\eclipse-workspace\Kishore\MavenTest\src\test\resources
2021-01-06 01:17:55,806 [Worker-55: Building] INFO  o.e.m.c.i.embedder.EclipseLogger - Using 'UTF-8' encoding to copy filtered resources.
2021-01-06 01:17:55,806 [Worker-55: Building] INFO  o.e.m.c.i.embedder.EclipseLogger - skip non existing resourceDirectory C:\Users\atmakuri.saikishor\eclipse-workspace\Kishore\MavenTest\src\main\resources
2021-01-06 01:17:55,809 [Worker-55: Building] INFO  o.e.m.c.i.embedder.EclipseLogger - Using 'UTF-8' encoding to copy filtered resources.
2021-01-06 01:17:55,809 [Worker-55: Building] INFO  o.e.m.c.i.embedder.EclipseLogger - skip non existing resourceDirectory C:\Users\atmakuri.saikishor\eclipse-workspace\Kishore\MavenTest\src\test\resources
2021-01-06 01:19:12,766 [Worker-60: Building] INFO  o.e.m.c.i.embedder.EclipseLogger - Using 'UTF-8' encoding to copy filtered resources.
2021-01-06 01:19:12,766 [Worker-60: Building] INFO  o.e.m.c.i.embedder.EclipseLogger - skip non existing resourceDirectory C:\Users\atmakuri.saikishor\eclipse-workspace\Kishore\MavenTest\src\main\resources
2021-01-06 01:19:12,768 [Worker-60: Building] INFO  o.e.m.c.i.embedder.EclipseLogger - Using 'UTF-8' encoding to copy filtered resources.
2021-01-06 01:19:12,768 [Worker-60: Building] INFO  o.e.m.c.i.embedder.EclipseLogger - skip non existing resourceDirectory C:\Users\atmakuri.saikishor\eclipse-workspace\Kishore\MavenTest\src\test\resources
2021-01-06 01:22:17,614 [Worker-60: Building] INFO  o.e.m.c.i.embedder.EclipseLogger - Using 'UTF-8' encoding to copy filtered resources.
2021-01-06 01:22:17,617 [Worker-60: Building] INFO  o.e.m.c.i.embedder.EclipseLogger - skip non existing resourceDirectory C:\Users\atmakuri.saikishor\eclipse-workspace\Kishore\MavenTest\src\main\resources
2021-01-06 01:22:17,619 [Worker-60: Building] INFO  o.e.m.c.i.embedder.EclipseLogger - Using 'UTF-8' encoding to copy filtered resources.
2021-01-06 01:22:17,619 [Worker-60: Building] INFO  o.e.m.c.i.embedder.EclipseLogger - skip non existing resourceDirectory C:\Users\atmakuri.saikishor\eclipse-workspace\Kishore\MavenTest\src\test\resources
2021-01-06 05:15:57,459 [Worker-99: Building] INFO  o.e.m.c.i.embedder.EclipseLogger - Using 'UTF-8' encoding to copy filtered resources.
2021-01-06 05:15:57,459 [Worker-99: Building] INFO  o.e.m.c.i.embedder.EclipseLogger - skip non existing resourceDirectory C:\Users\atmakuri.saikishor\eclipse-workspace\Kishore\MavenTest\src\main\resources
2021-01-06 05:15:57,461 [Worker-99: Building] INFO  o.e.m.c.i.embedder.EclipseLogger - Using 'UTF-8' encoding to copy filtered resources.
2021-01-06 05:15:57,461 [Worker-99: Building] INFO  o.e.m.c.i.embedder.EclipseLogger - skip non existing resourceDirectory C:\Users\atmakuri.saikishor\eclipse-workspace\Kishore\MavenTest\src\test\resources
2021-01-06 06:23:19,401 [Worker-104: Building] INFO  o.e.m.c.i.embedder.EclipseLogger - Using 'UTF-8' encoding to copy filtered resources.
2021-01-06 06:23:19,401 [Worker-104: Building] INFO  o.e.m.c.i.embedder.EclipseLogger - skip non existing resourceDirectory C:\Users\atmakuri.saikishor\eclipse-workspace\Kishore\MavenTest\src\main\resources
2021-01-06 06:23:19,405 [Worker-104: Building] INFO  o.e.m.c.i.embedder.EclipseLogger - Using 'UTF-8' encoding to copy filtered resources.
2021-01-06 06:23:19,405 [Worker-104: Building] INFO  o.e.m.c.i.embedder.EclipseLogger - skip non existing resourceDirectory C:\Users\atmakuri.saikishor\eclipse-workspace\Kishore\MavenTest\src\test\resources
2021-01-07 23:49:36,772 [Worker-0: Loading available Gradle versions] INFO  o.e.b.c.i.u.g.PublishedGradleVersions - Gradle version information cache is up-to-date. Trying to read.
2021-01-08 01:29:34,068 [Worker-1: Loading available Gradle versions] INFO  o.e.b.c.i.u.g.PublishedGradleVersions - Gradle version information cache is up-to-date. Trying to read.
2021-01-10 22:57:41,751 [Worker-2: Loading available Gradle versions] INFO  o.e.b.c.i.u.g.PublishedGradleVersions - Gradle version information cache is out-of-date. Trying to update.
2021-02-12 08:23:20,438 [Worker-1: Loading available Gradle versions] INFO  o.e.b.c.i.u.g.PublishedGradleVersions - Gradle version information cache is out-of-date. Trying to update.
2021-02-18 22:37:29,123 [Worker-1: Loading available Gradle versions] INFO  o.e.b.c.i.u.g.PublishedGradleVersions - Gradle version information cache is out-of-date. Trying to update.
2021-02-18 22:58:40,358 [Worker-12: Building] INFO  o.e.m.c.i.embedder.EclipseLogger - Using 'UTF-8' encoding to copy filtered resources.
2021-02-18 22:58:40,360 [Worker-12: Building] INFO  o.e.m.c.i.embedder.EclipseLogger - skip non existing resourceDirectory C:\Users\atmakuri.saikishor\eclipse-workspace\Kishore\MavenTest\src\main\resources
2021-02-18 22:58:40,363 [Worker-12: Building] INFO  o.e.m.c.i.embedder.EclipseLogger - Using 'UTF-8' encoding to copy filtered resources.
2021-02-18 22:58:40,364 [Worker-12: Building] INFO  o.e.m.c.i.embedder.EclipseLogger - skip non existing resourceDirectory C:\Users\atmakuri.saikishor\eclipse-workspace\Kishore\MavenTest\src\test\resources
2021-02-18 22:58:47,018 [Worker-13: Building] INFO  o.e.m.c.i.embedder.EclipseLogger - Using 'UTF-8' encoding to copy filtered resources.
2021-02-18 22:58:47,018 [Worker-13: Building] INFO  o.e.m.c.i.embedder.EclipseLogger - skip non existing resourceDirectory C:\Users\atmakuri.saikishor\eclipse-workspace\Kishore\MavenTest\src\main\resources
2021-02-18 22:58:47,020 [Worker-13: Building] INFO  o.e.m.c.i.embedder.EclipseLogger - Using 'UTF-8' encoding to copy filtered resources.
2021-02-18 22:58:47,020 [Worker-13: Building] INFO  o.e.m.c.i.embedder.EclipseLogger - skip non existing resourceDirectory C:\Users\atmakuri.saikishor\eclipse-workspace\Kishore\MavenTest\src\test\resources
2021-02-18 23:04:58,353 [Worker-17: Building] INFO  o.e.m.c.i.embedder.EclipseLogger - Using 'UTF-8' encoding to copy filtered resources.
2021-02-18 23:04:58,354 [Worker-17: Building] INFO  o.e.m.c.i.embedder.EclipseLogger - skip non existing resourceDirectory C:\Users\atmakuri.saikishor\eclipse-workspace\Kishore\MavenTest\src\main\resources
2021-02-18 23:04:58,355 [Worker-17: Building] INFO  o.e.m.c.i.embedder.EclipseLogger - Using 'UTF-8' encoding to copy filtered resources.
2021-02-18 23:04:58,356 [Worker-17: Building] INFO  o.e.m.c.i.embedder.EclipseLogger - skip non existing resourceDirectory C:\Users\atmakuri.saikishor\eclipse-workspace\Kishore\MavenTest\src\test\resources
2021-02-18 23:07:45,993 [Worker-17: Building] INFO  o.e.m.c.i.embedder.EclipseLogger - Using 'UTF-8' encoding to copy filtered resources.
2021-02-18 23:07:45,993 [Worker-17: Building] INFO  o.e.m.c.i.embedder.EclipseLogger - skip non existing resourceDirectory C:\Users\atmakuri.saikishor\eclipse-workspace\Kishore\MavenTest\src\main\resources
2021-02-18 23:07:45,995 [Worker-17: Building] INFO  o.e.m.c.i.embedder.EclipseLogger - Using 'UTF-8' encoding to copy filtered resources.
2021-02-18 23:07:45,995 [Worker-17: Building] INFO  o.e.m.c.i.embedder.EclipseLogger - skip non existing resourceDirectory C:\Users\atmakuri.saikishor\eclipse-workspace\Kishore\MavenTest\src\test\resources
2021-02-18 23:09:40,349 [Worker-15: Building] INFO  o.e.m.c.i.embedder.EclipseLogger - Using 'UTF-8' encoding to copy filtered resources.
2021-02-18 23:09:40,350 [Worker-15: Building] INFO  o.e.m.c.i.embedder.EclipseLogger - skip non existing resourceDirectory C:\Users\atmakuri.saikishor\eclipse-workspace\Kishore\MavenTest\src\main\resources
2021-02-18 23:09:40,352 [Worker-15: Building] INFO  o.e.m.c.i.embedder.EclipseLogger - Using 'UTF-8' encoding to copy filtered resources.
2021-02-18 23:09:40,353 [Worker-15: Building] INFO  o.e.m.c.i.embedder.EclipseLogger - skip non existing resourceDirectory C:\Users\atmakuri.saikishor\eclipse-workspace\Kishore\MavenTest\src\test\resources
2021-02-18 23:10:06,224 [Worker-17: Building] INFO  o.e.m.c.i.embedder.EclipseLogger - Using 'UTF-8' encoding to copy filtered resources.
2021-02-18 23:10:06,224 [Worker-17: Building] INFO  o.e.m.c.i.embedder.EclipseLogger - skip non existing resourceDirectory C:\Users\atmakuri.saikishor\eclipse-workspace\Kishore\MavenTest\src\main\resources
2021-02-18 23:10:06,226 [Worker-17: Building] INFO  o.e.m.c.i.embedder.EclipseLogger - Using 'UTF-8' encoding to copy filtered resources.
2021-02-18 23:10:06,226 [Worker-17: Building] INFO  o.e.m.c.i.embedder.EclipseLogger - skip non existing resourceDirectory C:\Users\atmakuri.saikishor\eclipse-workspace\Kishore\MavenTest\src\test\resources
2021-02-18 23:10:12,627 [Worker-18: Building] INFO  o.e.m.c.i.embedder.EclipseLogger - Using 'UTF-8' encoding to copy filtered resources.
2021-02-18 23:10:12,627 [Worker-18: Building] INFO  o.e.m.c.i.embedder.EclipseLogger - skip non existing resourceDirectory C:\Users\atmakuri.saikishor\eclipse-workspace\Kishore\MavenTest\src\main\resources
2021-02-18 23:10:12,629 [Worker-18: Building] INFO  o.e.m.c.i.embedder.EclipseLogger - Using 'UTF-8' encoding to copy filtered resources.
2021-02-18 23:10:12,634 [Worker-18: Building] INFO  o.e.m.c.i.embedder.EclipseLogger - skip non existing resourceDirectory C:\Users\atmakuri.saikishor\eclipse-workspace\Kishore\MavenTest\src\test\resources
2021-02-18 23:11:01,783 [Worker-15: Building] INFO  o.e.m.c.i.embedder.EclipseLogger - Using 'UTF-8' encoding to copy filtered resources.
2021-02-18 23:11:01,784 [Worker-15: Building] INFO  o.e.m.c.i.embedder.EclipseLogger - skip non existing resourceDirectory C:\Users\atmakuri.saikishor\eclipse-workspace\Kishore\MavenTest\src\main\resources
2021-02-18 23:11:01,802 [Worker-15: Building] INFO  o.e.m.c.i.embedder.EclipseLogger - Using 'UTF-8' encoding to copy filtered resources.
2021-02-18 23:11:01,803 [Worker-15: Building] INFO  o.e.m.c.i.embedder.EclipseLogger - skip non existing resourceDirectory C:\Users\atmakuri.saikishor\eclipse-workspace\Kishore\MavenTest\src\test\resources
2021-02-18 23:13:15,418 [Worker-17: Building] INFO  o.e.m.c.i.embedder.EclipseLogger - Using 'UTF-8' encoding to copy filtered resources.
2021-02-18 23:13:15,418 [Worker-17: Building] INFO  o.e.m.c.i.embedder.EclipseLogger - skip non existing resourceDirectory C:\Users\atmakuri.saikishor\eclipse-workspace\Kishore\MavenTest\src\main\resources
2021-02-18 23:13:15,420 [Worker-17: Building] INFO  o.e.m.c.i.embedder.EclipseLogger - Using 'UTF-8' encoding to copy filtered resources.
2021-02-18 23:13:15,420 [Worker-17: Building] INFO  o.e.m.c.i.embedder.EclipseLogger - skip non existing resourceDirectory C:\Users\atmakuri.saikishor\eclipse-workspace\Kishore\MavenTest\src\test\resources
2021-02-18 23:14:05,025 [Worker-18: Building] INFO  o.e.m.c.i.embedder.EclipseLogger - Using 'UTF-8' encoding to copy filtered resources.
2021-02-18 23:14:05,025 [Worker-18: Building] INFO  o.e.m.c.i.embedder.EclipseLogger - skip non existing resourceDirectory C:\Users\atmakuri.saikishor\eclipse-workspace\Kishore\MavenTest\src\main\resources
2021-02-18 23:14:05,027 [Worker-18: Building] INFO  o.e.m.c.i.embedder.EclipseLogger - Using 'UTF-8' encoding to copy filtered resources.
2021-02-18 23:14:05,027 [Worker-18: Building] INFO  o.e.m.c.i.embedder.EclipseLogger - skip non existing resourceDirectory C:\Users\atmakuri.saikishor\eclipse-workspace\Kishore\MavenTest\src\test\resources
2021-02-18 23:14:45,941 [Worker-19: Building] INFO  o.e.m.c.i.embedder.EclipseLogger - Using 'UTF-8' encoding to copy filtered resources.
2021-02-18 23:14:45,941 [Worker-19: Building] INFO  o.e.m.c.i.embedder.EclipseLogger - skip non existing resourceDirectory C:\Users\atmakuri.saikishor\eclipse-workspace\Kishore\MavenTest\src\main\resources
2021-02-18 23:14:45,943 [Worker-19: Building] INFO  o.e.m.c.i.embedder.EclipseLogger - Using 'UTF-8' encoding to copy filtered resources.
2021-02-18 23:14:45,943 [Worker-19: Building] INFO  o.e.m.c.i.embedder.EclipseLogger - skip non existing resourceDirectory C:\Users\atmakuri.saikishor\eclipse-workspace\Kishore\MavenTest\src\test\resources
2021-02-18 23:18:15,493 [Worker-20: Building] INFO  o.e.m.c.i.embedder.EclipseLogger - Using 'UTF-8' encoding to copy filtered resources.
2021-02-18 23:18:15,493 [Worker-20: Building] INFO  o.e.m.c.i.embedder.EclipseLogger - skip non existing resourceDirectory C:\Users\atmakuri.saikishor\eclipse-workspace\Kishore\MavenTest\src\main\resources
2021-02-18 23:18:15,495 [Worker-20: Building] INFO  o.e.m.c.i.embedder.EclipseLogger - Using 'UTF-8' encoding to copy filtered resources.
2021-02-18 23:18:15,495 [Worker-20: Building] INFO  o.e.m.c.i.embedder.EclipseLogger - skip non existing resourceDirectory C:\Users\atmakuri.saikishor\eclipse-workspace\Kishore\MavenTest\src\test\resources
2021-02-18 23:19:48,768 [Worker-21: Building] INFO  o.e.m.c.i.embedder.EclipseLogger - Using 'UTF-8' encoding to copy filtered resources.
2021-02-18 23:19:48,769 [Worker-21: Building] INFO  o.e.m.c.i.embedder.EclipseLogger - skip non existing resourceDirectory C:\Users\atmakuri.saikishor\eclipse-workspace\Kishore\MavenTest\src\main\resources
2021-02-18 23:19:48,772 [Worker-21: Building] INFO  o.e.m.c.i.embedder.EclipseLogger - Using 'UTF-8' encoding to copy filtered resources.
2021-02-18 23:19:48,773 [Worker-21: Building] INFO  o.e.m.c.i.embedder.EclipseLogger - skip non existing resourceDirectory C:\Users\atmakuri.saikishor\eclipse-workspace\Kishore\MavenTest\src\test\resources
2021-02-19 04:09:40,046 [Worker-96: Building] INFO  o.e.m.c.i.embedder.EclipseLogger - Using 'UTF-8' encoding to copy filtered resources.
2021-02-19 04:09:40,047 [Worker-96: Building] INFO  o.e.m.c.i.embedder.EclipseLogger - skip non existing resourceDirectory C:\Users\atmakuri.saikishor\eclipse-workspace\Kishore\MavenTest\src\main\resources
2021-02-19 04:09:40,049 [Worker-96: Building] INFO  o.e.m.c.i.embedder.EclipseLogger - Using 'UTF-8' encoding to copy filtered resources.
2021-02-19 04:09:40,049 [Worker-96: Building] INFO  o.e.m.c.i.embedder.EclipseLogger - skip non existing resourceDirectory C:\Users\atmakuri.saikishor\eclipse-workspace\Kishore\MavenTest\src\test\resources
2021-02-19 04:10:18,818 [Worker-96: Building] INFO  o.e.m.c.i.embedder.EclipseLogger - Using 'UTF-8' encoding to copy filtered resources.
2021-02-19 04:10:18,819 [Worker-96: Building] INFO  o.e.m.c.i.embedder.EclipseLogger - skip non existing resourceDirectory C:\Users\atmakuri.saikishor\eclipse-workspace\Kishore\MavenTest\src\main\resources
2021-02-19 04:10:18,830 [Worker-96: Building] INFO  o.e.m.c.i.embedder.EclipseLogger - Using 'UTF-8' encoding to copy filtered resources.
2021-02-19 04:10:18,830 [Worker-96: Building] INFO  o.e.m.c.i.embedder.EclipseLogger - skip non existing resourceDirectory C:\Users\atmakuri.saikishor\eclipse-workspace\Kishore\MavenTest\src\test\resources
2021-02-19 04:10:33,007 [Worker-93: Building] INFO  o.e.m.c.i.embedder.EclipseLogger - Using 'UTF-8' encoding to copy filtered resources.
2021-02-19 04:10:33,007 [Worker-93: Building] INFO  o.e.m.c.i.embedder.EclipseLogger - skip non existing resourceDirectory C:\Users\atmakuri.saikishor\eclipse-workspace\Kishore\MavenTest\src\main\resources
2021-02-19 04:10:33,011 [Worker-93: Building] INFO  o.e.m.c.i.embedder.EclipseLogger - Using 'UTF-8' encoding to copy filtered resources.
2021-02-19 04:10:33,013 [Worker-93: Building] INFO  o.e.m.c.i.embedder.EclipseLogger - skip non existing resourceDirectory C:\Users\atmakuri.saikishor\eclipse-workspace\Kishore\MavenTest\src\test\resources
2021-02-19 04:10:52,623 [Worker-96: Building] INFO  o.e.m.c.i.embedder.EclipseLogger - Using 'UTF-8' encoding to copy filtered resources.
2021-02-19 04:10:52,623 [Worker-96: Building] INFO  o.e.m.c.i.embedder.EclipseLogger - skip non existing resourceDirectory C:\Users\atmakuri.saikishor\eclipse-workspace\Kishore\MavenTest\src\main\resources
2021-02-19 04:10:52,625 [Worker-96: Building] INFO  o.e.m.c.i.embedder.EclipseLogger - Using 'UTF-8' encoding to copy filtered resources.
2021-02-19 04:10:52,625 [Worker-96: Building] INFO  o.e.m.c.i.embedder.EclipseLogger - skip non existing resourceDirectory C:\Users\atmakuri.saikishor\eclipse-workspace\Kishore\MavenTest\src\test\resources
2021-02-19 05:47:37,148 [Worker-113: Building] INFO  o.e.m.c.i.embedder.EclipseLogger - Using 'UTF-8' encoding to copy filtered resources.
2021-02-19 05:47:37,149 [Worker-113: Building] INFO  o.e.m.c.i.embedder.EclipseLogger - skip non existing resourceDirectory C:\Users\atmakuri.saikishor\eclipse-workspace\Kishore\MavenTest\src\main\resources
2021-02-19 05:47:37,158 [Worker-113: Building] INFO  o.e.m.c.i.embedder.EclipseLogger - Using 'UTF-8' encoding to copy filtered resources.
2021-02-19 05:47:37,158 [Worker-113: Building] INFO  o.e.m.c.i.embedder.EclipseLogger - skip non existing resourceDirectory C:\Users\atmakuri.saikishor\eclipse-workspace\Kishore\MavenTest\src\test\resources
